[2023-07-16 19:05:08,777] {taskinstance.py:1179} INFO - Dependencies all met for <TaskInstance: dag_print_context.print_context scheduled__2023-07-14T00:00:00+00:00 [queued]>
[2023-07-16 19:05:08,790] {taskinstance.py:1179} INFO - Dependencies all met for <TaskInstance: dag_print_context.print_context scheduled__2023-07-14T00:00:00+00:00 [queued]>
[2023-07-16 19:05:08,791] {taskinstance.py:1376} INFO - 
--------------------------------------------------------------------------------
[2023-07-16 19:05:08,792] {taskinstance.py:1377} INFO - Starting attempt 1 of 1
[2023-07-16 19:05:08,792] {taskinstance.py:1378} INFO - 
--------------------------------------------------------------------------------
[2023-07-16 19:05:08,817] {taskinstance.py:1397} INFO - Executing <Task(PythonOperator): print_context> on 2023-07-14 00:00:00+00:00
[2023-07-16 19:05:08,828] {standard_task_runner.py:52} INFO - Started process 377 to run task
[2023-07-16 19:05:08,835] {standard_task_runner.py:79} INFO - Running: ['***', 'tasks', 'run', 'dag_print_context', 'print_context', 'scheduled__2023-07-14T00:00:00+00:00', '--job-id', '1886', '--raw', '--subdir', 'DAGS_FOLDER/example_template.py', '--cfg-path', '/tmp/tmpvietmv6p', '--error-file', '/tmp/tmpyujca27q']
[2023-07-16 19:05:08,837] {standard_task_runner.py:80} INFO - Job 1886: Subtask print_context
[2023-07-16 19:05:08,921] {task_command.py:371} INFO - Running <TaskInstance: dag_print_context.print_context scheduled__2023-07-14T00:00:00+00:00 [running]> on host fbcee05e3d0f
[2023-07-16 19:05:09,048] {taskinstance.py:1591} INFO - Exporting the following env vars:
AIRFLOW_CTX_DAG_OWNER=***
AIRFLOW_CTX_DAG_ID=dag_print_context
AIRFLOW_CTX_TASK_ID=print_context
AIRFLOW_CTX_EXECUTION_DATE=2023-07-14T00:00:00+00:00
AIRFLOW_CTX_TRY_NUMBER=1
AIRFLOW_CTX_DAG_RUN_ID=scheduled__2023-07-14T00:00:00+00:00
[2023-07-16 19:05:09,050] {logging_mixin.py:115} INFO - {'conf': <***.configuration.AirflowConfigParser object at 0x7f49c7d5d650>, 'dag': <DAG: dag_print_context>, 'dag_run': <DagRun dag_print_context @ 2023-07-14 00:00:00+00:00: scheduled__2023-07-14T00:00:00+00:00, externally triggered: False>, 'data_interval_end': DateTime(2023, 7, 15, 0, 0, 0, tzinfo=Timezone('UTC')), 'data_interval_start': DateTime(2023, 7, 14, 0, 0, 0, tzinfo=Timezone('UTC')), 'ds': '2023-07-14', 'ds_nodash': '20230714', 'execution_date': <Proxy at 0x7f49c00ffd70 with factory functools.partial(<function lazy_mapping_from_context.<locals>._deprecated_proxy_factory at 0x7f49c00e4e60>, 'execution_date', DateTime(2023, 7, 14, 0, 0, 0, tzinfo=Timezone('UTC')))>, 'inlets': [], 'logical_date': DateTime(2023, 7, 14, 0, 0, 0, tzinfo=Timezone('UTC')), 'macros': <module '***.macros' from '/home/***/.local/lib/python3.7/site-packages/***/macros/__init__.py'>, 'next_ds': <Proxy at 0x7f49c00ffd20 with factory functools.partial(<function lazy_mapping_from_context.<locals>._deprecated_proxy_factory at 0x7f49c00e4e60>, 'next_ds', '2023-07-15')>, 'next_ds_nodash': <Proxy at 0x7f49c00ffe10 with factory functools.partial(<function lazy_mapping_from_context.<locals>._deprecated_proxy_factory at 0x7f49c00e4e60>, 'next_ds_nodash', '20230715')>, 'next_execution_date': <Proxy at 0x7f49c00fffa0 with factory functools.partial(<function lazy_mapping_from_context.<locals>._deprecated_proxy_factory at 0x7f49c00e4e60>, 'next_execution_date', DateTime(2023, 7, 15, 0, 0, 0, tzinfo=Timezone('UTC')))>, 'outlets': [], 'params': {}, 'prev_data_interval_start_success': None, 'prev_data_interval_end_success': None, 'prev_ds': <Proxy at 0x7f49c00fff00 with factory functools.partial(<function lazy_mapping_from_context.<locals>._deprecated_proxy_factory at 0x7f49c00e4e60>, 'prev_ds', '2023-07-13')>, 'prev_ds_nodash': <Proxy at 0x7f49c012dfa0 with factory functools.partial(<function lazy_mapping_from_context.<locals>._deprecated_proxy_factory at 0x7f49c00e4e60>, 'prev_ds_nodash', '20230713')>, 'prev_execution_date': <Proxy at 0x7f49c00c7280 with factory functools.partial(<function lazy_mapping_from_context.<locals>._deprecated_proxy_factory at 0x7f49c00e4e60>, 'prev_execution_date', DateTime(2023, 7, 13, 0, 0, 0, tzinfo=Timezone('UTC')))>, 'prev_execution_date_success': <Proxy at 0x7f49c004e320 with factory functools.partial(<function lazy_mapping_from_context.<locals>._deprecated_proxy_factory at 0x7f49c00e4e60>, 'prev_execution_date_success', None)>, 'prev_start_date_success': None, 'run_id': 'scheduled__2023-07-14T00:00:00+00:00', 'task': <Task(PythonOperator): print_context>, 'task_instance': <TaskInstance: dag_print_context.print_context scheduled__2023-07-14T00:00:00+00:00 [running]>, 'task_instance_key_str': 'dag_print_context__print_context__20230714', 'test_mode': False, 'ti': <TaskInstance: dag_print_context.print_context scheduled__2023-07-14T00:00:00+00:00 [running]>, 'tomorrow_ds': <Proxy at 0x7f49c004e780 with factory functools.partial(<function lazy_mapping_from_context.<locals>._deprecated_proxy_factory at 0x7f49c00e4e60>, 'tomorrow_ds', '2023-07-15')>, 'tomorrow_ds_nodash': <Proxy at 0x7f49c004e7d0 with factory functools.partial(<function lazy_mapping_from_context.<locals>._deprecated_proxy_factory at 0x7f49c00e4e60>, 'tomorrow_ds_nodash', '20230715')>, 'ts': '2023-07-14T00:00:00+00:00', 'ts_nodash': '20230714T000000', 'ts_nodash_with_tz': '20230714T000000+0000', 'var': {'json': None, 'value': None}, 'conn': None, 'yesterday_ds': <Proxy at 0x7f49c004e820 with factory functools.partial(<function lazy_mapping_from_context.<locals>._deprecated_proxy_factory at 0x7f49c00e4e60>, 'yesterday_ds', '2023-07-13')>, 'yesterday_ds_nodash': <Proxy at 0x7f49c004e870 with factory functools.partial(<function lazy_mapping_from_context.<locals>._deprecated_proxy_factory at 0x7f49c00e4e60>, 'yesterday_ds_nodash', '20230713')>, 'templates_dict': None}
[2023-07-16 19:05:09,051] {logging_mixin.py:115} INFO - Inicio:(<Proxy at 0x7f49c00ffd70 with factory functools.partial(<function lazy_mapping_from_context.<locals>._deprecated_proxy_factory at 0x7f49c00e4e60>, 'execution_date', DateTime(2023, 7, 14, 0, 0, 0, tzinfo=Timezone('UTC')))>,), Fin: (<Proxy at 0x7f49c00fffa0 with factory functools.partial(<function lazy_mapping_from_context.<locals>._deprecated_proxy_factory at 0x7f49c00e4e60>, 'next_execution_date', DateTime(2023, 7, 15, 0, 0, 0, tzinfo=Timezone('UTC')))>,)
[2023-07-16 19:05:09,051] {python.py:173} INFO - Done. Returned value was: None
[2023-07-16 19:05:09,071] {taskinstance.py:1420} INFO - Marking task as SUCCESS. dag_id=dag_print_context, task_id=print_context, execution_date=20230714T000000, start_date=20230716T190508, end_date=20230716T190509
[2023-07-16 19:05:09,127] {local_task_job.py:156} INFO - Task exited with return code 0
[2023-07-16 19:05:09,165] {local_task_job.py:273} INFO - 0 downstream tasks scheduled from follow-on schedule check
