[2023-07-16 19:05:08,718] {taskinstance.py:1179} INFO - Dependencies all met for <TaskInstance: dag_print_context.print_context scheduled__2023-07-13T00:00:00+00:00 [queued]>
[2023-07-16 19:05:08,736] {taskinstance.py:1179} INFO - Dependencies all met for <TaskInstance: dag_print_context.print_context scheduled__2023-07-13T00:00:00+00:00 [queued]>
[2023-07-16 19:05:08,737] {taskinstance.py:1376} INFO - 
--------------------------------------------------------------------------------
[2023-07-16 19:05:08,738] {taskinstance.py:1377} INFO - Starting attempt 1 of 1
[2023-07-16 19:05:08,738] {taskinstance.py:1378} INFO - 
--------------------------------------------------------------------------------
[2023-07-16 19:05:08,764] {taskinstance.py:1397} INFO - Executing <Task(PythonOperator): print_context> on 2023-07-13 00:00:00+00:00
[2023-07-16 19:05:08,769] {standard_task_runner.py:52} INFO - Started process 376 to run task
[2023-07-16 19:05:08,772] {standard_task_runner.py:79} INFO - Running: ['***', 'tasks', 'run', 'dag_print_context', 'print_context', 'scheduled__2023-07-13T00:00:00+00:00', '--job-id', '1885', '--raw', '--subdir', 'DAGS_FOLDER/example_template.py', '--cfg-path', '/tmp/tmpxdjxrsz7', '--error-file', '/tmp/tmpibmmnj4z']
[2023-07-16 19:05:08,774] {standard_task_runner.py:80} INFO - Job 1885: Subtask print_context
[2023-07-16 19:05:08,875] {task_command.py:371} INFO - Running <TaskInstance: dag_print_context.print_context scheduled__2023-07-13T00:00:00+00:00 [running]> on host fbcee05e3d0f
[2023-07-16 19:05:08,985] {taskinstance.py:1591} INFO - Exporting the following env vars:
AIRFLOW_CTX_DAG_OWNER=***
AIRFLOW_CTX_DAG_ID=dag_print_context
AIRFLOW_CTX_TASK_ID=print_context
AIRFLOW_CTX_EXECUTION_DATE=2023-07-13T00:00:00+00:00
AIRFLOW_CTX_TRY_NUMBER=1
AIRFLOW_CTX_DAG_RUN_ID=scheduled__2023-07-13T00:00:00+00:00
[2023-07-16 19:05:08,989] {logging_mixin.py:115} INFO - {'conf': <***.configuration.AirflowConfigParser object at 0x7f49c7d5d650>, 'dag': <DAG: dag_print_context>, 'dag_run': <DagRun dag_print_context @ 2023-07-13 00:00:00+00:00: scheduled__2023-07-13T00:00:00+00:00, externally triggered: False>, 'data_interval_end': DateTime(2023, 7, 14, 0, 0, 0, tzinfo=Timezone('UTC')), 'data_interval_start': DateTime(2023, 7, 13, 0, 0, 0, tzinfo=Timezone('UTC')), 'ds': '2023-07-13', 'ds_nodash': '20230713', 'execution_date': <Proxy at 0x7f49c00ffc80 with factory functools.partial(<function lazy_mapping_from_context.<locals>._deprecated_proxy_factory at 0x7f49c00e4e60>, 'execution_date', DateTime(2023, 7, 13, 0, 0, 0, tzinfo=Timezone('UTC')))>, 'inlets': [], 'logical_date': DateTime(2023, 7, 13, 0, 0, 0, tzinfo=Timezone('UTC')), 'macros': <module '***.macros' from '/home/***/.local/lib/python3.7/site-packages/***/macros/__init__.py'>, 'next_ds': <Proxy at 0x7f49c00ffc30 with factory functools.partial(<function lazy_mapping_from_context.<locals>._deprecated_proxy_factory at 0x7f49c00e4e60>, 'next_ds', '2023-07-14')>, 'next_ds_nodash': <Proxy at 0x7f49c00ffd20 with factory functools.partial(<function lazy_mapping_from_context.<locals>._deprecated_proxy_factory at 0x7f49c00e4e60>, 'next_ds_nodash', '20230714')>, 'next_execution_date': <Proxy at 0x7f49c00ffeb0 with factory functools.partial(<function lazy_mapping_from_context.<locals>._deprecated_proxy_factory at 0x7f49c00e4e60>, 'next_execution_date', DateTime(2023, 7, 14, 0, 0, 0, tzinfo=Timezone('UTC')))>, 'outlets': [], 'params': {}, 'prev_data_interval_start_success': None, 'prev_data_interval_end_success': None, 'prev_ds': <Proxy at 0x7f49c00ffe10 with factory functools.partial(<function lazy_mapping_from_context.<locals>._deprecated_proxy_factory at 0x7f49c00e4e60>, 'prev_ds', '2023-07-12')>, 'prev_ds_nodash': <Proxy at 0x7f49c0129f50 with factory functools.partial(<function lazy_mapping_from_context.<locals>._deprecated_proxy_factory at 0x7f49c00e4e60>, 'prev_ds_nodash', '20230712')>, 'prev_execution_date': <Proxy at 0x7f49c00c7190 with factory functools.partial(<function lazy_mapping_from_context.<locals>._deprecated_proxy_factory at 0x7f49c00e4e60>, 'prev_execution_date', DateTime(2023, 7, 12, 0, 0, 0, tzinfo=Timezone('UTC')))>, 'prev_execution_date_success': <Proxy at 0x7f49c004e230 with factory functools.partial(<function lazy_mapping_from_context.<locals>._deprecated_proxy_factory at 0x7f49c00e4e60>, 'prev_execution_date_success', None)>, 'prev_start_date_success': None, 'run_id': 'scheduled__2023-07-13T00:00:00+00:00', 'task': <Task(PythonOperator): print_context>, 'task_instance': <TaskInstance: dag_print_context.print_context scheduled__2023-07-13T00:00:00+00:00 [running]>, 'task_instance_key_str': 'dag_print_context__print_context__20230713', 'test_mode': False, 'ti': <TaskInstance: dag_print_context.print_context scheduled__2023-07-13T00:00:00+00:00 [running]>, 'tomorrow_ds': <Proxy at 0x7f49c004e690 with factory functools.partial(<function lazy_mapping_from_context.<locals>._deprecated_proxy_factory at 0x7f49c00e4e60>, 'tomorrow_ds', '2023-07-14')>, 'tomorrow_ds_nodash': <Proxy at 0x7f49c004e6e0 with factory functools.partial(<function lazy_mapping_from_context.<locals>._deprecated_proxy_factory at 0x7f49c00e4e60>, 'tomorrow_ds_nodash', '20230714')>, 'ts': '2023-07-13T00:00:00+00:00', 'ts_nodash': '20230713T000000', 'ts_nodash_with_tz': '20230713T000000+0000', 'var': {'json': None, 'value': None}, 'conn': None, 'yesterday_ds': <Proxy at 0x7f49c004e730 with factory functools.partial(<function lazy_mapping_from_context.<locals>._deprecated_proxy_factory at 0x7f49c00e4e60>, 'yesterday_ds', '2023-07-12')>, 'yesterday_ds_nodash': <Proxy at 0x7f49c004e780 with factory functools.partial(<function lazy_mapping_from_context.<locals>._deprecated_proxy_factory at 0x7f49c00e4e60>, 'yesterday_ds_nodash', '20230712')>, 'templates_dict': None}
[2023-07-16 19:05:08,990] {logging_mixin.py:115} INFO - Inicio:(<Proxy at 0x7f49c00ffc80 with factory functools.partial(<function lazy_mapping_from_context.<locals>._deprecated_proxy_factory at 0x7f49c00e4e60>, 'execution_date', DateTime(2023, 7, 13, 0, 0, 0, tzinfo=Timezone('UTC')))>,), Fin: (<Proxy at 0x7f49c00ffeb0 with factory functools.partial(<function lazy_mapping_from_context.<locals>._deprecated_proxy_factory at 0x7f49c00e4e60>, 'next_execution_date', DateTime(2023, 7, 14, 0, 0, 0, tzinfo=Timezone('UTC')))>,)
[2023-07-16 19:05:08,990] {python.py:173} INFO - Done. Returned value was: None
[2023-07-16 19:05:09,010] {taskinstance.py:1420} INFO - Marking task as SUCCESS. dag_id=dag_print_context, task_id=print_context, execution_date=20230713T000000, start_date=20230716T190508, end_date=20230716T190509
[2023-07-16 19:05:09,065] {local_task_job.py:156} INFO - Task exited with return code 0
[2023-07-16 19:05:09,110] {local_task_job.py:273} INFO - 0 downstream tasks scheduled from follow-on schedule check
