[2023-07-16 18:49:18,130] {taskinstance.py:1179} INFO - Dependencies all met for <TaskInstance: mi_primer_dag.primer_task scheduled__2022-08-18T00:00:00+00:00 [queued]>
[2023-07-16 18:49:18,145] {taskinstance.py:1179} INFO - Dependencies all met for <TaskInstance: mi_primer_dag.primer_task scheduled__2022-08-18T00:00:00+00:00 [queued]>
[2023-07-16 18:49:18,146] {taskinstance.py:1376} INFO - 
--------------------------------------------------------------------------------
[2023-07-16 18:49:18,147] {taskinstance.py:1377} INFO - Starting attempt 4 of 6
[2023-07-16 18:49:18,148] {taskinstance.py:1378} INFO - 
--------------------------------------------------------------------------------
[2023-07-16 18:49:18,179] {taskinstance.py:1397} INFO - Executing <Task(BashOperator): primer_task> on 2022-08-18 00:00:00+00:00
[2023-07-16 18:49:18,191] {standard_task_runner.py:52} INFO - Started process 1542 to run task
[2023-07-16 18:49:18,208] {standard_task_runner.py:79} INFO - Running: ['***', 'tasks', 'run', 'mi_primer_dag', 'primer_task', 'scheduled__2022-08-18T00:00:00+00:00', '--job-id', '1511', '--raw', '--subdir', 'DAGS_FOLDER/mi_primer_dag.py', '--cfg-path', '/tmp/tmpwrhd79r5', '--error-file', '/tmp/tmpt8a74pfj']
[2023-07-16 18:49:18,210] {standard_task_runner.py:80} INFO - Job 1511: Subtask primer_task
[2023-07-16 18:49:18,509] {task_command.py:371} INFO - Running <TaskInstance: mi_primer_dag.primer_task scheduled__2022-08-18T00:00:00+00:00 [running]> on host fbcee05e3d0f
[2023-07-16 18:49:18,760] {taskinstance.py:1591} INFO - Exporting the following env vars:
AIRFLOW_CTX_DAG_OWNER=DavidBU
AIRFLOW_CTX_DAG_ID=mi_primer_dag
AIRFLOW_CTX_TASK_ID=primer_task
AIRFLOW_CTX_EXECUTION_DATE=2022-08-18T00:00:00+00:00
AIRFLOW_CTX_TRY_NUMBER=4
AIRFLOW_CTX_DAG_RUN_ID=scheduled__2022-08-18T00:00:00+00:00
[2023-07-16 18:49:18,763] {subprocess.py:62} INFO - Tmp dir root location: 
 /tmp
[2023-07-16 18:49:18,773] {subprocess.py:74} INFO - Running command: ['bash', '-c', 'echo hola mundo, esta es nuestra primera tarea usando bash operator!']
[2023-07-16 18:49:18,803] {subprocess.py:85} INFO - Output:
[2023-07-16 18:49:18,809] {subprocess.py:92} INFO - hola mundo, esta es nuestra primera tarea usando bash operator!
[2023-07-16 18:49:18,811] {subprocess.py:96} INFO - Command exited with return code 0
[2023-07-16 18:49:19,224] {taskinstance.py:1420} INFO - Marking task as SUCCESS. dag_id=mi_primer_dag, task_id=primer_task, execution_date=20220818T000000, start_date=20230716T184918, end_date=20230716T184919
[2023-07-16 18:49:19,266] {local_task_job.py:156} INFO - Task exited with return code 0
[2023-07-16 18:49:19,404] {local_task_job.py:273} INFO - 0 downstream tasks scheduled from follow-on schedule check
