[2023-07-16 19:05:08,884] {taskinstance.py:1179} INFO - Dependencies all met for <TaskInstance: dag_print_context.print_context scheduled__2023-07-15T00:00:00+00:00 [queued]>
[2023-07-16 19:05:08,896] {taskinstance.py:1179} INFO - Dependencies all met for <TaskInstance: dag_print_context.print_context scheduled__2023-07-15T00:00:00+00:00 [queued]>
[2023-07-16 19:05:08,897] {taskinstance.py:1376} INFO - 
--------------------------------------------------------------------------------
[2023-07-16 19:05:08,898] {taskinstance.py:1377} INFO - Starting attempt 1 of 1
[2023-07-16 19:05:08,898] {taskinstance.py:1378} INFO - 
--------------------------------------------------------------------------------
[2023-07-16 19:05:08,916] {taskinstance.py:1397} INFO - Executing <Task(PythonOperator): print_context> on 2023-07-15 00:00:00+00:00
[2023-07-16 19:05:08,923] {standard_task_runner.py:52} INFO - Started process 378 to run task
[2023-07-16 19:05:08,929] {standard_task_runner.py:79} INFO - Running: ['***', 'tasks', 'run', 'dag_print_context', 'print_context', 'scheduled__2023-07-15T00:00:00+00:00', '--job-id', '1887', '--raw', '--subdir', 'DAGS_FOLDER/example_template.py', '--cfg-path', '/tmp/tmp6mxqlssa', '--error-file', '/tmp/tmp2gxykbuq']
[2023-07-16 19:05:08,931] {standard_task_runner.py:80} INFO - Job 1887: Subtask print_context
[2023-07-16 19:05:09,039] {task_command.py:371} INFO - Running <TaskInstance: dag_print_context.print_context scheduled__2023-07-15T00:00:00+00:00 [running]> on host fbcee05e3d0f
[2023-07-16 19:05:09,145] {taskinstance.py:1591} INFO - Exporting the following env vars:
AIRFLOW_CTX_DAG_OWNER=***
AIRFLOW_CTX_DAG_ID=dag_print_context
AIRFLOW_CTX_TASK_ID=print_context
AIRFLOW_CTX_EXECUTION_DATE=2023-07-15T00:00:00+00:00
AIRFLOW_CTX_TRY_NUMBER=1
AIRFLOW_CTX_DAG_RUN_ID=scheduled__2023-07-15T00:00:00+00:00
[2023-07-16 19:05:09,146] {logging_mixin.py:115} INFO - {'conf': <***.configuration.AirflowConfigParser object at 0x7f49c7d5d650>, 'dag': <DAG: dag_print_context>, 'dag_run': <DagRun dag_print_context @ 2023-07-15 00:00:00+00:00: scheduled__2023-07-15T00:00:00+00:00, externally triggered: False>, 'data_interval_end': DateTime(2023, 7, 16, 0, 0, 0, tzinfo=Timezone('UTC')), 'data_interval_start': DateTime(2023, 7, 15, 0, 0, 0, tzinfo=Timezone('UTC')), 'ds': '2023-07-15', 'ds_nodash': '20230715', 'execution_date': <Proxy at 0x7f49c00415a0 with factory functools.partial(<function lazy_mapping_from_context.<locals>._deprecated_proxy_factory at 0x7f49c00e4d40>, 'execution_date', DateTime(2023, 7, 15, 0, 0, 0, tzinfo=Timezone('UTC')))>, 'inlets': [], 'logical_date': DateTime(2023, 7, 15, 0, 0, 0, tzinfo=Timezone('UTC')), 'macros': <module '***.macros' from '/home/***/.local/lib/python3.7/site-packages/***/macros/__init__.py'>, 'next_ds': <Proxy at 0x7f49c0041550 with factory functools.partial(<function lazy_mapping_from_context.<locals>._deprecated_proxy_factory at 0x7f49c00e4d40>, 'next_ds', '2023-07-16')>, 'next_ds_nodash': <Proxy at 0x7f49c0041640 with factory functools.partial(<function lazy_mapping_from_context.<locals>._deprecated_proxy_factory at 0x7f49c00e4d40>, 'next_ds_nodash', '20230716')>, 'next_execution_date': <Proxy at 0x7f49c00417d0 with factory functools.partial(<function lazy_mapping_from_context.<locals>._deprecated_proxy_factory at 0x7f49c00e4d40>, 'next_execution_date', DateTime(2023, 7, 16, 0, 0, 0, tzinfo=Timezone('UTC')))>, 'outlets': [], 'params': {}, 'prev_data_interval_start_success': None, 'prev_data_interval_end_success': None, 'prev_ds': <Proxy at 0x7f49c0041730 with factory functools.partial(<function lazy_mapping_from_context.<locals>._deprecated_proxy_factory at 0x7f49c00e4d40>, 'prev_ds', '2023-07-14')>, 'prev_ds_nodash': <Proxy at 0x7f49c0138870 with factory functools.partial(<function lazy_mapping_from_context.<locals>._deprecated_proxy_factory at 0x7f49c00e4d40>, 'prev_ds_nodash', '20230714')>, 'prev_execution_date': <Proxy at 0x7f49c00c4a50 with factory functools.partial(<function lazy_mapping_from_context.<locals>._deprecated_proxy_factory at 0x7f49c00e4d40>, 'prev_execution_date', DateTime(2023, 7, 14, 0, 0, 0, tzinfo=Timezone('UTC')))>, 'prev_execution_date_success': <Proxy at 0x7f49c0049af0 with factory functools.partial(<function lazy_mapping_from_context.<locals>._deprecated_proxy_factory at 0x7f49c00e4d40>, 'prev_execution_date_success', None)>, 'prev_start_date_success': None, 'run_id': 'scheduled__2023-07-15T00:00:00+00:00', 'task': <Task(PythonOperator): print_context>, 'task_instance': <TaskInstance: dag_print_context.print_context scheduled__2023-07-15T00:00:00+00:00 [running]>, 'task_instance_key_str': 'dag_print_context__print_context__20230715', 'test_mode': False, 'ti': <TaskInstance: dag_print_context.print_context scheduled__2023-07-15T00:00:00+00:00 [running]>, 'tomorrow_ds': <Proxy at 0x7f49c0049f50 with factory functools.partial(<function lazy_mapping_from_context.<locals>._deprecated_proxy_factory at 0x7f49c00e4d40>, 'tomorrow_ds', '2023-07-16')>, 'tomorrow_ds_nodash': <Proxy at 0x7f49c0049fa0 with factory functools.partial(<function lazy_mapping_from_context.<locals>._deprecated_proxy_factory at 0x7f49c00e4d40>, 'tomorrow_ds_nodash', '20230716')>, 'ts': '2023-07-15T00:00:00+00:00', 'ts_nodash': '20230715T000000', 'ts_nodash_with_tz': '20230715T000000+0000', 'var': {'json': None, 'value': None}, 'conn': None, 'yesterday_ds': <Proxy at 0x7f49c0050050 with factory functools.partial(<function lazy_mapping_from_context.<locals>._deprecated_proxy_factory at 0x7f49c00e4d40>, 'yesterday_ds', '2023-07-14')>, 'yesterday_ds_nodash': <Proxy at 0x7f49c00500a0 with factory functools.partial(<function lazy_mapping_from_context.<locals>._deprecated_proxy_factory at 0x7f49c00e4d40>, 'yesterday_ds_nodash', '20230714')>, 'templates_dict': None}
[2023-07-16 19:05:09,147] {logging_mixin.py:115} INFO - Inicio:(<Proxy at 0x7f49c00415a0 with factory functools.partial(<function lazy_mapping_from_context.<locals>._deprecated_proxy_factory at 0x7f49c00e4d40>, 'execution_date', DateTime(2023, 7, 15, 0, 0, 0, tzinfo=Timezone('UTC')))>,), Fin: (<Proxy at 0x7f49c00417d0 with factory functools.partial(<function lazy_mapping_from_context.<locals>._deprecated_proxy_factory at 0x7f49c00e4d40>, 'next_execution_date', DateTime(2023, 7, 16, 0, 0, 0, tzinfo=Timezone('UTC')))>,)
[2023-07-16 19:05:09,147] {python.py:173} INFO - Done. Returned value was: None
[2023-07-16 19:05:09,161] {taskinstance.py:1420} INFO - Marking task as SUCCESS. dag_id=dag_print_context, task_id=print_context, execution_date=20230715T000000, start_date=20230716T190508, end_date=20230716T190509
[2023-07-16 19:05:09,180] {local_task_job.py:156} INFO - Task exited with return code 0
[2023-07-16 19:05:09,225] {local_task_job.py:273} INFO - 0 downstream tasks scheduled from follow-on schedule check
