[2023-07-16 18:31:31,956] {taskinstance.py:1179} INFO - Dependencies all met for <TaskInstance: mi_primer_dag.primer_task scheduled__2022-08-12T00:00:00+00:00 [queued]>
[2023-07-16 18:31:31,971] {taskinstance.py:1179} INFO - Dependencies all met for <TaskInstance: mi_primer_dag.primer_task scheduled__2022-08-12T00:00:00+00:00 [queued]>
[2023-07-16 18:31:31,972] {taskinstance.py:1376} INFO - 
--------------------------------------------------------------------------------
[2023-07-16 18:31:31,972] {taskinstance.py:1377} INFO - Starting attempt 2 of 6
[2023-07-16 18:31:31,973] {taskinstance.py:1378} INFO - 
--------------------------------------------------------------------------------
[2023-07-16 18:31:31,999] {taskinstance.py:1397} INFO - Executing <Task(BashOperator): primer_task> on 2022-08-12 00:00:00+00:00
[2023-07-16 18:31:32,006] {standard_task_runner.py:52} INFO - Started process 1426 to run task
[2023-07-16 18:31:32,011] {standard_task_runner.py:79} INFO - Running: ['***', 'tasks', 'run', 'mi_primer_dag', 'primer_task', 'scheduled__2022-08-12T00:00:00+00:00', '--job-id', '1040', '--raw', '--subdir', 'DAGS_FOLDER/mi_primer_dag.py', '--cfg-path', '/tmp/tmpm7jtclie', '--error-file', '/tmp/tmpj30u0ndj']
[2023-07-16 18:31:32,013] {standard_task_runner.py:80} INFO - Job 1040: Subtask primer_task
[2023-07-16 18:31:32,126] {task_command.py:371} INFO - Running <TaskInstance: mi_primer_dag.primer_task scheduled__2022-08-12T00:00:00+00:00 [running]> on host fbcee05e3d0f
[2023-07-16 18:31:32,257] {taskinstance.py:1591} INFO - Exporting the following env vars:
AIRFLOW_CTX_DAG_OWNER=DavidBU
AIRFLOW_CTX_DAG_ID=mi_primer_dag
AIRFLOW_CTX_TASK_ID=primer_task
AIRFLOW_CTX_EXECUTION_DATE=2022-08-12T00:00:00+00:00
AIRFLOW_CTX_TRY_NUMBER=2
AIRFLOW_CTX_DAG_RUN_ID=scheduled__2022-08-12T00:00:00+00:00
[2023-07-16 18:31:32,259] {subprocess.py:62} INFO - Tmp dir root location: 
 /tmp
[2023-07-16 18:31:32,260] {subprocess.py:74} INFO - Running command: ['bash', '-c', 'que carajos mundo, esta es nuestra primera tarea usando bash operator!']
[2023-07-16 18:31:32,274] {subprocess.py:85} INFO - Output:
[2023-07-16 18:31:32,278] {subprocess.py:92} INFO - bash: line 1: que: command not found
[2023-07-16 18:31:32,279] {subprocess.py:96} INFO - Command exited with return code 127
[2023-07-16 18:31:32,338] {taskinstance.py:1909} ERROR - Task failed with exception
Traceback (most recent call last):
  File "/home/airflow/.local/lib/python3.7/site-packages/airflow/operators/bash.py", line 195, in execute
    f'Bash command failed. The command returned a non-zero exit code {result.exit_code}.'
airflow.exceptions.AirflowException: Bash command failed. The command returned a non-zero exit code 127.
[2023-07-16 18:31:32,345] {taskinstance.py:1420} INFO - Marking task as UP_FOR_RETRY. dag_id=mi_primer_dag, task_id=primer_task, execution_date=20220812T000000, start_date=20230716T183131, end_date=20230716T183132
[2023-07-16 18:31:32,367] {standard_task_runner.py:97} ERROR - Failed to execute job 1040 for task primer_task (Bash command failed. The command returned a non-zero exit code 127.; 1426)
[2023-07-16 18:31:32,384] {local_task_job.py:156} INFO - Task exited with return code 1
[2023-07-16 18:31:32,466] {local_task_job.py:273} INFO - 0 downstream tasks scheduled from follow-on schedule check
