[2023-07-16 18:49:20,054] {taskinstance.py:1179} INFO - Dependencies all met for <TaskInstance: mi_primer_dag.primer_task scheduled__2022-08-21T00:00:00+00:00 [queued]>
[2023-07-16 18:49:20,090] {taskinstance.py:1179} INFO - Dependencies all met for <TaskInstance: mi_primer_dag.primer_task scheduled__2022-08-21T00:00:00+00:00 [queued]>
[2023-07-16 18:49:20,092] {taskinstance.py:1376} INFO - 
--------------------------------------------------------------------------------
[2023-07-16 18:49:20,092] {taskinstance.py:1377} INFO - Starting attempt 4 of 6
[2023-07-16 18:49:20,093] {taskinstance.py:1378} INFO - 
--------------------------------------------------------------------------------
[2023-07-16 18:49:20,158] {taskinstance.py:1397} INFO - Executing <Task(BashOperator): primer_task> on 2022-08-21 00:00:00+00:00
[2023-07-16 18:49:20,179] {standard_task_runner.py:52} INFO - Started process 1556 to run task
[2023-07-16 18:49:20,209] {standard_task_runner.py:79} INFO - Running: ['***', 'tasks', 'run', 'mi_primer_dag', 'primer_task', 'scheduled__2022-08-21T00:00:00+00:00', '--job-id', '1515', '--raw', '--subdir', 'DAGS_FOLDER/mi_primer_dag.py', '--cfg-path', '/tmp/tmp5r67l7du', '--error-file', '/tmp/tmpgmgvoir_']
[2023-07-16 18:49:20,219] {standard_task_runner.py:80} INFO - Job 1515: Subtask primer_task
[2023-07-16 18:49:20,503] {task_command.py:371} INFO - Running <TaskInstance: mi_primer_dag.primer_task scheduled__2022-08-21T00:00:00+00:00 [running]> on host fbcee05e3d0f
[2023-07-16 18:49:20,821] {taskinstance.py:1591} INFO - Exporting the following env vars:
AIRFLOW_CTX_DAG_OWNER=DavidBU
AIRFLOW_CTX_DAG_ID=mi_primer_dag
AIRFLOW_CTX_TASK_ID=primer_task
AIRFLOW_CTX_EXECUTION_DATE=2022-08-21T00:00:00+00:00
AIRFLOW_CTX_TRY_NUMBER=4
AIRFLOW_CTX_DAG_RUN_ID=scheduled__2022-08-21T00:00:00+00:00
[2023-07-16 18:49:20,823] {subprocess.py:62} INFO - Tmp dir root location: 
 /tmp
[2023-07-16 18:49:20,825] {subprocess.py:74} INFO - Running command: ['bash', '-c', 'echo hola mundo, esta es nuestra primera tarea usando bash operator!']
[2023-07-16 18:49:20,847] {subprocess.py:85} INFO - Output:
[2023-07-16 18:49:20,854] {subprocess.py:92} INFO - hola mundo, esta es nuestra primera tarea usando bash operator!
[2023-07-16 18:49:20,855] {subprocess.py:96} INFO - Command exited with return code 0
[2023-07-16 18:49:20,955] {taskinstance.py:1420} INFO - Marking task as SUCCESS. dag_id=mi_primer_dag, task_id=primer_task, execution_date=20220821T000000, start_date=20230716T184920, end_date=20230716T184920
[2023-07-16 18:49:21,022] {local_task_job.py:156} INFO - Task exited with return code 0
[2023-07-16 18:49:21,118] {local_task_job.py:273} INFO - 0 downstream tasks scheduled from follow-on schedule check
